[jelenm01.wixsite.com/jelenssite-1.html]
[static.parastorage.com/unpkg/core-js-bundle@3.2.1/minified.js]
[static.parastorage.com/unpkg/focus-within-polyfill@5.0.9/dist/focus-within-polyfill.js]
[backblue.gif]
[fade.gif]
[index.html]
[polyfill-fastly.io/v3/polyfill.mind82c.js]
[jelenm01.wixsite.com/i.4.delayed]
[jelenm01.wixsite.com/t.5.delayed]
[jelenm01.wixsite.com/index.html]
[jelenm01.wixsite.com/media/emptystate.85a4add5.7.delayed]
[static.wixstatic.com/media/57f68b_e8d15be422424e88b35421c15019ae6e_mv2.jpe/v1/fil/57f68b_e8d15be422424e88]
[static.wixstatic.com/media/57f68b_7a0cf11f9eac45c38b2623b5583a6f38_mv2.png/v1/fit/57f68b_7a0cf11f9eac45c3]
[static.parastorage.com/services/wix-thunderbolt/dist/8875.d06b9c87.bundle.min.js]
[static.wixstatic.com/media/57f68b_db251a6248d1472a9169df9b17484b77_mv2.png/v1/fit/57f68b_db251a6248d1472a]
[static.wixstatic.com/media/57f68b_4b9f2b7dd9e14ced8a03ae23fbf62490_mv2.png/v1/fit/57f68b_4b9f2b7dd9e14ced]
[static.wixstatic.com/media/57f68b_d9995a19b35e4304987caea05b48c09a_mv2.png/v1/fit/57f68b_d9995a19b35e4304]
[browser.sentry-cdn.com/6.18.2/bundle.min.js]
[static.wixstatic.com/media/57f68b_19eaebe676d34fed8173a6ea3515e719_mv2.png/v1/fit/57f68b_19eaebe676d34fed]
[jelenm01.wixsite.com/sitemap.2a.delayed]
[static.wixstatic.com/media/57f68b_eae98bbe1ed74b76958b2d1a160b17b8_mv2.png/v1/fit/57f68b_eae98bbe1ed74b76]
[jelenm01.wixsite.com/feed.2b.delayed]
[static.wixstatic.com/media/57f68b_be86583465bd45c7b3fe41b5f4a58eb4_mv2.png/v1/fit/57f68b_be86583465bd45c7]
[static.parastorage.com/services/wix-thunderbolt/dist/thunderbolt-commons.d87b306d.bundle.min.js]
[static.wixstatic.com/media/57f68b_291f521b788b4caeb034c56b04b3d660_mv2.png/v1/fit/57f68b_291f521b788b4cae]
[static.parastorage.com/services/wix-thunderbolt/dist/main.3fb0da1c.bundle.min.js]
[static.wixstatic.com/media/57f68b_9198840ea1664583bc165655beef2654_mv2.png/v1/fit/57f68b_9198840ea1664583]
[static.parastorage.com/services/wix-thunderbolt/dist/main.renderer.1d21f023.bundle.min.js]
[static.wixstatic.com/media/57f68b_6768300429fd4bf8ab6a502294f63b9b_mv2.png/v1/fit/57f68b_6768300429fd4bf8]
[static.parastorage.com/unpkg/lodash@4.17.21/lodash.min.js]
[static.wixstatic.com/media/57f68b_047221b13a47414a9908df73c1d6b9fb_mv2.png/v1/fit/57f68b_047221b13a47414a]
[static.parastorage.com/unpkg/react@18.3.1/umd/react.production.min.js]
[static.wixstatic.com/media/57f68b_4b55e11e09e54354a3dfc61aada32833_mv2.png/v1/fit/57f68b_4b55e11e09e54354]
[static.parastorage.com/unpkg/react-dom@18.3.1/umd/react-dom.production.min.js]
[static.wixstatic.com/media/57f68b_3d76ad651e49494fb32dbae321ce3dfe_mv2.png/v1/fit/57f68b_3d76ad651e49494f]
[static.parastorage.com/services/wix-thunderbolt/dist/browser-deprecation.bundle.es5.js]
[static.wixstatic.com/media/57f68b_831f4a13217c4331aed27816db61d755_mv2.png/v1/fit/57f68b_831f4a13217c4331]
[jelenm01.wixsite.com/decodeURIComponent(e.33.delayed]
[static.wixstatic.com/media/57f68b_71490a9910f543f4bbb8c0c69f0f006c_mv2.png/v1/fit/57f68b_71490a9910f543f4]
[jelenm01.wixsite.com/jelenssite-1.html]
[jelenm01.wixsite.com/i.html]
[static.parastorage.com/services/tag-manager-client/1.920.0/siteTags.bundle.min.js]
[jelenm01.wixsite.com/t.html]
[static.wixstatic.com/media/57f68b_f3aeb4fd34c443abb54dbed1625c6703_mv2.png/v1/fit/57f68b_f3aeb4fd34c443ab]
[static.wixstatic.com/media/57f68b_258858a8eb2940168cf4d933f6a3c20c_mv2.png/v1/fit/57f68b_258858a8eb294016]
[jelenm01.wixsite.com/index.html]
[static.wixstatic.com/media/57f68b_ff7b047655ae4e6c8d138283041e6c57_mv2.png/v1/fit/57f68b_ff7b047655ae4e6c]
[jelenm01.wixsite.com/media/emptystate.85a4add5.html]
[static.wixstatic.com/media/57f68b_589adb2a04be4ee1a38550700127a2d1_mv2.png/v1/fit/57f68b_589adb2a04be4ee1]
[static.wixstatic.com/media/57f68b_89cbb1ff1ab84ae5afc1b93fba395a1b_mv2.png/v1/fit/57f68b_89cbb1ff1ab84ae5]
[static.wixstatic.com/media/57f68b_b9a4f4b0331f46d8b198e29839448772_mv2.png/v1/fit/57f68b_b9a4f4b0331f46d8]
[static.wixstatic.com/media/57f68b_22f9e37f18e94b4baadb23fcfc3d1996_mv2.png/v1/fit/57f68b_22f9e37f18e94b4b]
[static.wixstatic.com/media/57f68b_d540c94006c14539b1a23d543b505c4d_mv2.png/v1/fit/57f68b_d540c94006c14539]
[static.wixstatic.com/media/57f68b_14babda0f02b408bb8aa12cc5a583344_mv2.png/v1/fit/57f68b_14babda0f02b408b]
[static.wixstatic.com/media/57f68b_ce526511dec54734b32fa6411ec433b5_mv2.png/v1/fit/57f68b_ce526511dec54734]
[static.wixstatic.com/media/57f68b_6e94b58c558a46c39fcd4e436581bec4_mv2.png/v1/fit/57f68b_6e94b58c558a46c3]
[static.wixstatic.com/media/57f68b_c15dd36025634ce59c8fdbd20ebf11ab_mv2.png/v1/fit/57f68b_c15dd36025634ce5]
[static.wixstatic.com/media/57f68b_a6ee9b2cd1e4435da2880eb08e2596e4_mv2.png/v1/fit/57f68b_a6ee9b2cd1e4435d]
[static.wixstatic.com/media/57f68b_d5002fd7e3ba4cffb25ed514c0438074_mv2.png/v1/fit/57f68b_d5002fd7e3ba4cff]
[static.wixstatic.com/media/57f68b_e5485ded8e3f4e499043a1c925ee89e2_mv2.jpg/v1/fit/57f68b_e5485ded8e3f4e49]
[static.wixstatic.com/media/57f68b_8bce7017f21945eaa34cc5dea23693fd_mv2.jpg/v1/fit/57f68b_8bce7017f21945ea]
[static.wixstatic.com/media/57f68b_e78263eb0aa1471388452bb14860cd81_mv2.jpe/v1/fil/57f68b_e78263eb0aa14713]
[jelenm01.wixsite.com/sitemap.html]
[jelenm01.wixsite.com/feed.html]
[jelenm01.wixsite.com/decodeURIComponent(e.html]
