[www.johnstauffer.net/index.html]
[static.parastorage.com/unpkg/core-js-bundle@3.2.1/minified.js]
[static.parastorage.com/unpkg/focus-within-polyfill@5.0.9/dist/focus-within-polyfill.js]
[backblue.gif]
[fade.gif]
[index.html]
[polyfill-fastly.io/v3/polyfill.mind82c.js]
[www.johnstauffer.net/i.3.delayed]
[www.johnstauffer.net/t.4.delayed]
[www.johnstauffer.net/resume.html]
[www.johnstauffer.net/portfolio.html]
[www.johnstauffer.net/about-3.html]
[www.johnstauffer.net/blank-1.html]
[www.johnstauffer.net/blank-3.html]
[static.wixstatic.com/media/90e51c_76698abef1f447f0bc73002b3af55a4c_mv2.png/v1//20240221_233931670_iOS_]
[static.parastorage.com/services/wix-thunderbolt/dist/8875.d06b9c87.bundle.min.js]
[static.wixstatic.com/media/90e51c_c7b24dc71ab245a2a8a673e9a8f0f6f8f000.jpg/v1//90e51c_c7b24dc71ab245a2]
[static.wixstatic.com/media/90e51c_71d1edf13e254278b4af257a0a6ee24e_mv2.jpg/v1//90e51c_71d1edf13e254278]
[browser.sentry-cdn.com/6.18.2/bundle.min.js]
[static.wixstatic.com/media/90e51c_6b971a32a7d847d2a60ed660169a2b2b_mv2.jpg/v1//90e51c_6b971a32a7d847d2]
[www.johnstauffer.net/sitemap.xml]
[www.johnstauffer.net/feed.11.delayed]
[static.parastorage.com/services/wix-thunderbolt/dist/main.3fb0da1c.bundle.min.js]
[static.parastorage.com/services/wix-thunderbolt/dist/thunderbolt-commons.d87b306d.bundle.min.12.delaye]
[static.parastorage.com/services/wix-thunderbolt/dist/main.renderer.1d21f023.bundle.min.js]
[static.parastorage.com/unpkg/lodash@4.17.21/lodash.min.js]
[static.parastorage.com/unpkg/react@18.3.1/umd/react.production.min.js]
[static.parastorage.com/unpkg/react-dom@18.3.1/umd/react-dom.production.min.js]
[static.parastorage.com/services/wix-thunderbolt/dist/browser-deprecation.bundle.es5.js]
[www.johnstauffer.net/decodeURIComponent(e.19.delayed]
[www.johnstauffer.net/index.html]
[www.johnstauffer.net/i.html]
[www.johnstauffer.net/t.html]
[static.parastorage.com/services/tag-manager-client/1.920.0/siteTags.bundle.min.js]
[static.wixstatic.com/media/11062b_1d5fe2371f3a4d2caf40a1b369f55c01f000.jpg/v1//11062b_1d5fe2371f3a4d2c]
[www.johnstauffer.net/resume.html]
[static.parastorage.com/services/wix-perf-measure/1.1095.0/wix-perf-measure.umd.min.js]
[static.parastorage.com/services/wix-thunderbolt/dist/thunderbolt-commons.dd530291.bundle.min.1c.delaye]
[www.johnstauffer.net/portfolio-collections/my-portfolio.html]
[static.wixstatic.com/media/90e51c_528fccc53eb34ccd8611333ce958a8fa_mv2.jpg/v1//90e51c_528fccc53eb34ccd]
[static.wixstatic.com/media/90e51c_528fccc53eb34ccd8611333ce958a8fa_mv2.jpg/v1//90e51c_528fccc53eb34ccd-2]
[www.johnstauffer.net/portfolio.html]
[www.johnstauffer.net/about-3.html]
[static.wixstatic.com/media/90e51c_ef411b878a8c46f3971d11097d96fd4d_mv2.jpg/v1//90e51c_ef411b878a8c46f3-2]
[www.johnstauffer.net/blank-1.html]
[www.johnstauffer.net/blank-3.html]
[www.johnstauffer.net/feed.html]
[www.johnstauffer.net/decodeURIComponent(e.html]
[www.johnstauffer.net/portfolio-collections/global-village-collection.html]
[static.wixstatic.com/media/90e51c_ef411b878a8c46f3971d11097d96fd4d_mv2.jpg/v1//90e51c_ef411b878a8c46f3]
[static.wixstatic.com/media/90e51c_2134b31058aa4b4cb53413e3bf26698ff000.jpg/v1//90e51c_2134b31058aa4b4c]
[www.johnstauffer.net/portfolio-collections/i.25.delayed]
[www.johnstauffer.net/portfolio-collections/t.26.delayed]
[www.johnstauffer.net/portfolio-collections/my-portfolio/fb-maryville-landing-page-video.html]
[static.wixstatic.com/media/90e51c_8f53dfebcc5745ae8da68b51706dec72f000.jpg/v1//90e51c_8f53dfebcc5745ae]
[static.wixstatic.com/media/90e51c_8f53dfebcc5745ae8da68b51706dec72f000.jpg/v1//90e51c_8f53dfebcc5745ae-2]
[www.johnstauffer.net/portfolio-collections/my-portfolio/project-title-6.html]
[static.wixstatic.com/media/90e51c_f4eab0f580c641cb8961c446b0517a14_mv2.png/v1//90e51c_f4eab0f580c641cb]
[static.wixstatic.com/media/90e51c_f4eab0f580c641cb8961c446b0517a14_mv2.png/v1//90e51c_f4eab0f580c641cb-2]
[www.johnstauffer.net/portfolio-collections/my-portfolio/autoglass-systems.html]
[static.wixstatic.com/media/90e51c_cb3764ed17d0418290676ac19c1e1021_mv2.jpg/v1//90e51c_cb3764ed17d04182-2]
[static.wixstatic.com/media/90e51c_cb3764ed17d0418290676ac19c1e1021_mv2.jpg/v1//90e51c_cb3764ed17d04182]
[www.johnstauffer.net/portfolio-collections/my-portfolio/jason-loftus-barn.html]
[static.wixstatic.com/media/90e51c_ab0a7f2643124c99be3ef1d7ef72c7b4_mv2.jpg/v1//90e51c_ab0a7f2643124c99]
[static.wixstatic.com/media/90e51c_ab0a7f2643124c99be3ef1d7ef72c7b4_mv2.jpg/v1//90e51c_ab0a7f2643124c99-2]
[www.johnstauffer.net/portfolio-collections/my-portfolio/st-johns-hospital-childrens-wing.html]
[static.wixstatic.com/media/90e51c_8acbf9e2a0ab4ef2adba477da7827d6f_mv2.jpg/v1//90e51c_8acbf9e2a0ab4ef2]
[static.wixstatic.com/media/90e51c_3981b765a1f14d8f921d7c269a336ad9_mv2.jpg/v1//90e51c_3981b765a1f14d8f]
[www.johnstauffer.net/portfolio-collections/my-portfolio/project-title-3.html]
[static.wixstatic.com/media/90e51c_8acbf9e2a0ab4ef2adba477da7827d6f_mv2.jpg/v1//90e51c_8acbf9e2a0ab4ef2-2]
[www.johnstauffer.net/portfolio-collections/my-portfolio/siue-mens-basketball-manager.html]
[static.wixstatic.com/media/90e51c_3981b765a1f14d8f921d7c269a336ad9_mv2.jpg/v1//90e51c_3981b765a1f14d8f-2]
[static.wixstatic.com/media/90e51c_baeba4d002764835bad29492475e152d_mv2.jpg/v1//90e51c_baeba4d002764835]
[static.wixstatic.com/media/90e51c_baeba4d002764835bad29492475e152d_mv2.jpg/v1//90e51c_baeba4d002764835-2]
[www.johnstauffer.net/portfolio-collections/my-portfolio/personal-project-st-louis-busch-stadium.3c.del]
[static.wixstatic.com/media/90e51c_0c57dbcb08984b1284e39277890e870e_mv2.jpg/v1//90e51c_0c57dbcb08984b12]
[static.wixstatic.com/media/90e51c_0c57dbcb08984b1284e39277890e870e_mv2.jpg/v1//90e51c_0c57dbcb08984b12-2]
[www.johnstauffer.net/portfolio-collections/my-portfolio/personal-project-family-photos.html]
[static.wixstatic.com/media/90e51c_c66014ad77db490882b2939c499e11f0_mv2.png/v1//90e51c_c66014ad77db4908-2]
[static.wixstatic.com/media/90e51c_c66014ad77db490882b2939c499e11f0_mv2.png/v1//90e51c_c66014ad77db4908]
[www.johnstauffer.net/portfolio-collections/robots.42.delayed]
[www.johnstauffer.net/portfolio-collections/sitemap.43.delayed]
[www.johnstauffer.net/portfolio-collections/feed.44.delayed]
[www.johnstauffer.net/portfolio-collections/decodeURIComponent(e.45.delayed]
[www.johnstauffer.net/portfolio-collections/my-portfolio.html]
[www.johnstauffer.net/portfolio-collections/global-village-collection.html]
[static.wixstatic.com/media/90e51c_4bdacfb30e414d2fb3d11ea4c88a9fca_mv2.jpg/v1//90e51c_4bdacfb30e414d2f-2]
[www.johnstauffer.net/portfolio-collections/global-village-collection/identity-crisis-mock-trailer.49.d]
[www.johnstauffer.net/portfolio-collections/i.html]
[static.wixstatic.com/media/90e51c_965ace3b645d4a2a8d5a752a850df9e0_mv2.jpg/v1//90e51c_965ace3b645d4a2a-2]
[www.johnstauffer.net/portfolio-collections/t.html]
[static.wixstatic.com/media/90e51c_4bdacfb30e414d2fb3d11ea4c88a9fca_mv2.jpg/v1//90e51c_4bdacfb30e414d2f]
[static.wixstatic.com/media/90e51c_965ace3b645d4a2a8d5a752a850df9e0_mv2.jpg/v1//90e51c_965ace3b645d4a2a]
[www.johnstauffer.net/portfolio-collections/global-village-collection/global-village-intro-spring-2024]
[www.johnstauffer.net/portfolio-collections/my-portfolio/i.4c.delayed]
[www.johnstauffer.net/portfolio-collections/my-portfolio/t.4d.delayed]
[static.wixstatic.com/media/90e51c_6c4454cafd0b40889e4f5b4da6191c81f000.jpg/v1//90e51c_6c4454cafd0b4088-2]
[static.wixstatic.com/media/90e51c_8f53dfebcc5745ae8da68b51706dec72f000.jpg/v1//90e51c_8f53dfebcc5745ae-3]
[static.wixstatic.com/media/90e51c_6c4454cafd0b40889e4f5b4da6191c81f000.jpg/v1//90e51c_6c4454cafd0b4088]
[www.johnstauffer.net/portfolio-collections/my-portfolio/robots.51.delayed]
[www.johnstauffer.net/portfolio-collections/my-portfolio/sitemap.52.delayed]
[www.johnstauffer.net/portfolio-collections/my-portfolio/feed.53.delayed]
[www.johnstauffer.net/portfolio-collections/my-portfolio/decodeURIComponent(e.54.delayed]
[www.johnstauffer.net/portfolio-collections/my-portfolio/fb-maryville-landing-page-video.html]
[www.johnstauffer.net/portfolio-collections/my-portfolio/project-title-6.html]
[static.wixstatic.com/media/90e51c_f4eab0f580c641cb8961c446b0517a14_mv2.png/v1//90e51c_f4eab0f580c641cb-3]
[static.wixstatic.com/media/90e51c_b7ac33936f2e490aa4363cc32d504989_mv2.jpg/v1//90e51c_b7ac33936f2e490a-2]
[www.johnstauffer.net/portfolio-collections/my-portfolio/autoglass-systems.html]
[static.wixstatic.com/media/90e51c_4a8cc9d96ed84a9e964d264e2d699a13f000.jpg/v1//90e51c_4a8cc9d96ed84a9e]
[static.wixstatic.com/media/90e51c_4a8cc9d96ed84a9e964d264e2d699a13f000.jpg/v1//90e51c_4a8cc9d96ed84a9e-2]
[static.wixstatic.com/media/90e51c_b7ac33936f2e490aa4363cc32d504989_mv2.jpg/v1//90e51c_b7ac33936f2e490a]
[www.johnstauffer.net/portfolio-collections/my-portfolio/jason-loftus-barn.html]
[static.wixstatic.com/media/90e51c_775b35f37e7746959e714f971f0f6558_mv2.jpg/v1//90e51c_775b35f37e774695-2]
[www.johnstauffer.net/portfolio-collections/my-portfolio/st-johns-hospital-childrens-wing.html]
[static.wixstatic.com/media/90e51c_569a5eda190d4e059177323b732d7405_mv2.jpg/v1//90e51c_569a5eda190d4e05-2]
[static.wixstatic.com/media/90e51c_f3665ac3745441f48f745e6bb7a2a184_mv2.jpg/v1//90e51c_f3665ac3745441f4-2]
[www.johnstauffer.net/portfolio-collections/my-portfolio/project-title-3.html]
[static.wixstatic.com/media/90e51c_775b35f37e7746959e714f971f0f6558_mv2.jpg/v1//90e51c_775b35f37e774695]
[static.wixstatic.com/media/90e51c_5e4e72b57ad24555b98e42676cccffe8_mv2.jpg/v1//90e51c_5e4e72b57ad24555-2]
[www.johnstauffer.net/portfolio-collections/my-portfolio/siue-mens-basketball-manager.html]
[static.wixstatic.com/media/90e51c_569a5eda190d4e059177323b732d7405_mv2.jpg/v1//90e51c_569a5eda190d4e05]
[static.wixstatic.com/media/90e51c_f3665ac3745441f48f745e6bb7a2a184_mv2.jpg/v1//90e51c_f3665ac3745441f4]
[static.wixstatic.com/media/90e51c_21553acc89d646c097b09a812f9992a6_mv2.jpg/v1//90e51c_21553acc89d646c0-2]
[www.johnstauffer.net/portfolio-collections/my-portfolio/personal-project-st-louis-busch-stadium.3c.del]
[static.wixstatic.com/media/90e51c_60a631be01eb4120868a4d76e243bcf0_mv2.jpg/v1//90e51c_60a631be01eb4120-2]
[static.wixstatic.com/media/90e51c_5e4e72b57ad24555b98e42676cccffe8_mv2.jpg/v1//90e51c_5e4e72b57ad24555]
[www.johnstauffer.net/portfolio-collections/my-portfolio/personal-project-family-photos.html]
[static.wixstatic.com/media/90e51c_cb3764ed17d0418290676ac19c1e1021_mv2.jpg/v1//90e51c_cb3764ed17d04182-3]
[static.wixstatic.com/media/90e51c_cb3764ed17d0418290676ac19c1e1021_mv2.jpg/v1//90e51c_cb3764ed17d04182-4]
[www.johnstauffer.net/portfolio-collections/robots.html]
[www.johnstauffer.net/portfolio-collections/sitemap.html]
[static.wixstatic.com/media/90e51c_8a1a600b6d444604b134b60636313434_mv2.jpg/v1//90e51c_8a1a600b6d444604-2]
[www.johnstauffer.net/portfolio-collections/feed.html]
[static.wixstatic.com/media/90e51c_21553acc89d646c097b09a812f9992a6_mv2.jpg/v1//90e51c_21553acc89d646c0]
[www.johnstauffer.net/portfolio-collections/decodeURIComponent(e.html]
[static.wixstatic.com/media/90e51c_842d628c749d4b1590b7b5466e1ea304_mv2.jpg/v1//90e51c_842d628c749d4b15-2]
[static.wixstatic.com/media/90e51c_60a631be01eb4120868a4d76e243bcf0_mv2.jpg/v1//90e51c_60a631be01eb4120]
[static.wixstatic.com/media/90e51c_8a1a600b6d444604b134b60636313434_mv2.jpg/v1//90e51c_8a1a600b6d444604]
[static.wixstatic.com/media/90e51c_842d628c749d4b1590b7b5466e1ea304_mv2.jpg/v1//90e51c_842d628c749d4b15]
[static.wixstatic.com/media/90e51c_ab0a7f2643124c99be3ef1d7ef72c7b4_mv2.jpg/v1//90e51c_ab0a7f2643124c99-3]
[static.wixstatic.com/media/90e51c_ab0a7f2643124c99be3ef1d7ef72c7b4_mv2.jpg/v1//90e51c_ab0a7f2643124c99-4]
[static.wixstatic.com/media/90e51c_ab0a7f2643124c99be3ef1d7ef72c7b4_mv2.jpg/v1//90e51c_ab0a7f2643124c99-5]
[static.wixstatic.com/media/90e51c_ef72c5c7bb774d42b420a93350692a86_mv2.jpg/v1//90e51c_ef72c5c7bb774d42]
[static.wixstatic.com/media/90e51c_ef72c5c7bb774d42b420a93350692a86_mv2.jpg/v1//90e51c_ef72c5c7bb774d42-2]
[www.johnstauffer.net/portfolio-collections/global-village-collection/i.a1.delayed]
[static.wixstatic.com/media/90e51c_00ec33fa0f8e49b990ef3c9d22568309_mv2.jpg/v1//90e51c_00ec33fa0f8e49b9-2]
[static.wixstatic.com/media/90e51c_00ec33fa0f8e49b990ef3c9d22568309_mv2.jpg/v1//90e51c_00ec33fa0f8e49b9]
[static.wixstatic.com/media/90e51c_a8a4101f5c48479fa9a3d601172fc20b_mv2.jpg/v1//90e51c_a8a4101f5c48479f]
[static.wixstatic.com/media/90e51c_a8a4101f5c48479fa9a3d601172fc20b_mv2.jpg/v1//90e51c_a8a4101f5c48479f-2]
[www.johnstauffer.net/portfolio-collections/global-village-collection/t.a2.delayed]
[static.wixstatic.com/media/90e51c_8acbf9e2a0ab4ef2adba477da7827d6f_mv2.jpg/v1//90e51c_8acbf9e2a0ab4ef2-3]
[static.wixstatic.com/media/90e51c_51b2a98d28c54508a2a95269c92d0c24_mv2.jpg/v1//90e51c_51b2a98d28c54508]
[static.wixstatic.com/media/90e51c_51b2a98d28c54508a2a95269c92d0c24_mv2.jpg/v1//90e51c_51b2a98d28c54508-2]
[static.wixstatic.com/media/90e51c_66ce4c8eb8b746af860e718c73ecbc2e_mv2.jpg/v1//90e51c_66ce4c8eb8b746af]
[static.wixstatic.com/media/90e51c_66ce4c8eb8b746af860e718c73ecbc2e_mv2.jpg/v1//90e51c_66ce4c8eb8b746af-2]
[static.wixstatic.com/media/90e51c_61f98dc098f44eb993ab0b6470e40ac5_mv2.jpg/v1//90e51c_61f98dc098f44eb9]
[www.johnstauffer.net/portfolio-collections/global-village-collection/robots.a6.delayed]
[static.wixstatic.com/media/90e51c_61f98dc098f44eb993ab0b6470e40ac5_mv2.jpg/v1//90e51c_61f98dc098f44eb9-2]
[static.wixstatic.com/media/90e51c_8acbf9e2a0ab4ef2adba477da7827d6f_mv2.jpg/v1//90e51c_8acbf9e2a0ab4ef2-4]
[static.wixstatic.com/media/90e51c_8acbf9e2a0ab4ef2adba477da7827d6f_mv2.jpg/v1//90e51c_8acbf9e2a0ab4ef2-5]
[www.johnstauffer.net/portfolio-collections/global-village-collection/sitemap.a7.delayed]
[static.wixstatic.com/media/90e51c_3981b765a1f14d8f921d7c269a336ad9_mv2.jpg/v1//90e51c_3981b765a1f14d8f-3]
[www.johnstauffer.net/portfolio-collections/global-village-collection/feed.a8.delayed]
[static.wixstatic.com/media/90e51c_7549a18c1ab4437c95d8a5452481748a_mv2.jpg/v1//90e51c_7549a18c1ab4437c]
[static.wixstatic.com/media/90e51c_7549a18c1ab4437c95d8a5452481748a_mv2.jpg/v1//90e51c_7549a18c1ab4437c-2]
[static.wixstatic.com/media/90e51c_cdc0c9b01f364dab80cc137eb29e75ad_mv2.jpg/v1//90e51c_cdc0c9b01f364dab]
[www.johnstauffer.net/portfolio-collections/global-village-collection/decodeURIComponent(e.a9.delayed]
[www.johnstauffer.net/portfolio-collections/global-village-collection/global-village-intro-spring-2024]
[static.wixstatic.com/media/90e51c_cdc0c9b01f364dab80cc137eb29e75ad_mv2.jpg/v1//90e51c_cdc0c9b01f364dab-2]
[static.wixstatic.com/media/90e51c_20228defd1b34d9c944c18a74ac20ddc_mv2.jpg/v1//90e51c_20228defd1b34d9c-2]
[www.johnstauffer.net/portfolio-collections/global-village-collection/identity-crisis-mock-trailer.49.d]
[static.wixstatic.com/media/90e51c_04c1b39bde6343b6b0cbcc662e8f2fc7_mv2.jpg/v1//90e51c_04c1b39bde6343b6-2]
[www.johnstauffer.net/portfolio-collections/my-portfolio/i.html]
[static.wixstatic.com/media/90e51c_6c129ebf05684e71bcf7ccead957a9f1_mv2.jpg/v1//90e51c_6c129ebf05684e71-2]
[www.johnstauffer.net/portfolio-collections/my-portfolio/t.html]
[static.wixstatic.com/media/90e51c_20228defd1b34d9c944c18a74ac20ddc_mv2.jpg/v1//90e51c_20228defd1b34d9c]
[www.johnstauffer.net/portfolio-collections/my-portfolio/robots.html]
[static.wixstatic.com/media/90e51c_04c1b39bde6343b6b0cbcc662e8f2fc7_mv2.jpg/v1//90e51c_04c1b39bde6343b6]
[www.johnstauffer.net/portfolio-collections/my-portfolio/sitemap.html]
[static.wixstatic.com/media/90e51c_baeba4d002764835bad29492475e152d_mv2.jpg/v1//90e51c_baeba4d002764835-3]
[static.wixstatic.com/media/90e51c_6c129ebf05684e71bcf7ccead957a9f1_mv2.jpg/v1//90e51c_6c129ebf05684e71]
[www.johnstauffer.net/portfolio-collections/my-portfolio/feed.html]
[www.johnstauffer.net/portfolio-collections/my-portfolio/decodeURIComponent(e.html]
[static.wixstatic.com/media/90e51c_7c95322761a840179155f8fd4bde0995f000.jpg/v1//90e51c_7c95322761a84017]
[static.wixstatic.com/media/90e51c_8f45cd67353b49a5aa89dd66c55952a6_mv2.jpg/v1//90e51c_8f45cd67353b49a5-2]
[static.wixstatic.com/media/90e51c_baeba4d002764835bad29492475e152d_mv2.jpg/v1//90e51c_baeba4d002764835-5]
[static.wixstatic.com/media/90e51c_0c57dbcb08984b1284e39277890e870e_mv2.jpg/v1//90e51c_0c57dbcb08984b12-3]
[static.wixstatic.com/media/90e51c_7c95322761a840179155f8fd4bde0995f000.jpg/v1//90e51c_7c95322761a84017-2]
[static.wixstatic.com/media/90e51c_5c902ea27c154673a6c007b2c8621e7a_mv2.jpg/v1//90e51c_5c902ea27c154673-2]
[static.wixstatic.com/media/90e51c_8f45cd67353b49a5aa89dd66c55952a6_mv2.jpg/v1//90e51c_8f45cd67353b49a5]
[static.wixstatic.com/media/90e51c_9aa0d6b37920427ca4949d6c0819c3f6_mv2.jpg/v1//90e51c_9aa0d6b37920427c-2]
[static.wixstatic.com/media/90e51c_baeba4d002764835bad29492475e152d_mv2.jpg/v1//90e51c_baeba4d002764835-4]
[static.wixstatic.com/media/90e51c_b520d912cbe0459083b2f2264a9656d5_mv2.jpg/v1//90e51c_b520d912cbe04590-2]
[static.wixstatic.com/media/90e51c_5c902ea27c154673a6c007b2c8621e7a_mv2.jpg/v1//90e51c_5c902ea27c154673]
[static.wixstatic.com/media/90e51c_0c57dbcb08984b1284e39277890e870e_mv2.jpg/v1//90e51c_0c57dbcb08984b12-5]
[static.wixstatic.com/media/90e51c_c66014ad77db490882b2939c499e11f0_mv2.png/v1//90e51c_c66014ad77db4908-3]
[static.wixstatic.com/media/90e51c_c66014ad77db490882b2939c499e11f0_mv2.png/v1//90e51c_c66014ad77db4908-4]
[static.wixstatic.com/media/90e51c_9aa0d6b37920427ca4949d6c0819c3f6_mv2.jpg/v1//90e51c_9aa0d6b37920427c]
[static.wixstatic.com/media/90e51c_ee01592343e040f59e234ef098d1d71a_mv2.jpg/v1//90e51c_ee01592343e040f5-2]
[static.wixstatic.com/media/90e51c_b520d912cbe0459083b2f2264a9656d5_mv2.jpg/v1//90e51c_b520d912cbe04590]
[static.wixstatic.com/media/90e51c_56189bdb86f34c99b2cc399471d85172_mv2.png/v1//90e51c_56189bdb86f34c99-2]
[static.wixstatic.com/media/90e51c_0c57dbcb08984b1284e39277890e870e_mv2.jpg/v1//90e51c_0c57dbcb08984b12-4]
[static.wixstatic.com/media/90e51c_df244ea407914a0f8d40c38d8843da91_mv2.jpg/v1//90e51c_df244ea407914a0f-2]
[static.wixstatic.com/media/90e51c_4bdacfb30e414d2fb3d11ea4c88a9fca_mv2.jpg/v1//90e51c_4bdacfb30e414d2f-3]
[static.wixstatic.com/media/90e51c_ee01592343e040f59e234ef098d1d71a_mv2.jpg/v1//90e51c_ee01592343e040f5]
[static.wixstatic.com/media/90e51c_56189bdb86f34c99b2cc399471d85172_mv2.png/v1//90e51c_56189bdb86f34c99]
[static.wixstatic.com/media/90e51c_965ace3b645d4a2a8d5a752a850df9e0_mv2.jpg/v1//90e51c_965ace3b645d4a2a-3]
[static.wixstatic.com/media/90e51c_df244ea407914a0f8d40c38d8843da91_mv2.jpg/v1//90e51c_df244ea407914a0f]
[static.wixstatic.com/media/90e51c_3e5a4870e6eb4194af084a2fc3590d78f000.jpg/v1//90e51c_3e5a4870e6eb4194-2]
[www.johnstauffer.net/portfolio-collections/global-village-collection/i.html]
[www.johnstauffer.net/portfolio-collections/global-village-collection/t.html]
[static.wixstatic.com/media/90e51c_7d5e717257d5487185b2d3a67c6876a8f000.jpg/v1//90e51c_7d5e717257d54871]
[static.wixstatic.com/media/90e51c_7d5e717257d5487185b2d3a67c6876a8f000.jpg/v1//90e51c_7d5e717257d54871-2]
[www.johnstauffer.net/portfolio-collections/global-village-collection/robots.html]
[www.johnstauffer.net/portfolio-collections/global-village-collection/sitemap.html]
[www.johnstauffer.net/portfolio-collections/global-village-collection/feed.html]
[www.johnstauffer.net/portfolio-collections/global-village-collection/decodeURIComponent(e.html]
[static.wixstatic.com/media/90e51c_3e5a4870e6eb4194af084a2fc3590d78f000.jpg/v1//90e51c_3e5a4870e6eb4194]
